18:25:13:423 [ALWAYS]	GUDE Logging Started
18:25:13:424 [INFO]	SqliteResumeCache::SqliteResumeCache basedirectory is null/empty
18:25:13:424 [ERROR]	SqliteResumeCache::CreateSqliteResumeCache creating resume cache pointer failure
18:25:13:424 [ERROR]	Initialize resume cache pointer failure
18:25:13:424 [INFO]	gude policy POLICY_USER limit (2,2,1) chunk 2097152, chunking (UL 0 DL 1), resXfer 1, adapt 0, NSURL 0, timeout 86400 
18:25:13:424 [INFO]	Initialized -- gude-lib version: v0.12.1 app: gude
18:25:14:497 [WARN]	Ignoring attempt to reinit logging to \gude at level 4 retaining 3 days of logs
18:25:14:498 [INFO]	SqliteResumeCache::SqliteResumeCache basedirectory is null/empty
18:25:14:498 [ERROR]	SqliteResumeCache::CreateSqliteResumeCache creating resume cache pointer failure
18:25:14:498 [ERROR]	Initialize resume cache pointer failure
18:25:14:498 [INFO]	gude policy POLICY_USER limit (4,4,1) chunk 2097152, chunking (UL 0 DL 1), resXfer 1, adapt 0, NSURL 1, timeout 86400 
18:25:14:498 [INFO]	Initialized -- gude-lib version: v0.12.1 app: gude
18:33:48:781 [ALWAYS]	GUDE Logging Started
18:33:48:781 [INFO]	SqliteResumeCache::SqliteResumeCache basedirectory is null/empty
18:33:48:781 [ERROR]	SqliteResumeCache::CreateSqliteResumeCache creating resume cache pointer failure
18:33:48:781 [ERROR]	Initialize resume cache pointer failure
18:33:48:781 [INFO]	gude policy POLICY_USER limit (2,2,1) chunk 2097152, chunking (UL 0 DL 1), resXfer 1, adapt 0, NSURL 0, timeout 86400 
18:33:48:781 [INFO]	Initialized -- gude-lib version: v0.12.1 app: gude
18:33:49:877 [WARN]	Ignoring attempt to reinit logging to \gude at level 4 retaining 3 days of logs
18:33:49:877 [INFO]	SqliteResumeCache::SqliteResumeCache basedirectory is null/empty
18:33:49:877 [ERROR]	SqliteResumeCache::CreateSqliteResumeCache creating resume cache pointer failure
18:33:49:877 [ERROR]	Initialize resume cache pointer failure
18:33:49:877 [INFO]	gude policy POLICY_USER limit (4,4,1) chunk 2097152, chunking (UL 0 DL 1), resXfer 1, adapt 0, NSURL 1, timeout 86400 
18:33:49:877 [INFO]	Initialized -- gude-lib version: v0.12.1 app: gude
